\BOOKMARK [1][-]{section.1}{Introduction}{}% 1
\BOOKMARK [1][-]{section.2}{Theory}{}% 2
\BOOKMARK [2][-]{subsection.2.1}{Crystal structure}{section.2}% 3
\BOOKMARK [2][-]{subsection.2.2}{Crystal structure}{section.2}% 4
\BOOKMARK [2][-]{subsection.2.3}{Lennard Jones potential }{section.2}% 5
\BOOKMARK [2][-]{subsection.2.4}{The microcanonical ensemble}{section.2}% 6
\BOOKMARK [3][-]{subsubsection.2.4.1}{Diffusion and phase transition}{subsection.2.4}% 7
\BOOKMARK [2][-]{subsection.2.5}{Density}{section.2}% 8
\BOOKMARK [1][-]{section.3}{Method}{}% 9
\BOOKMARK [2][-]{subsection.3.1}{Code structure}{section.3}% 10
\BOOKMARK [3][-]{subsubsection.3.1.1}{Overview of the classes}{subsection.3.1}% 11
\BOOKMARK [3][-]{subsubsection.3.1.2}{Program flow}{subsection.3.1}% 12
\BOOKMARK [2][-]{subsection.3.2}{Computational details}{section.3}% 13
\BOOKMARK [2][-]{subsection.3.3}{Bugs and unit tests}{section.3}% 14
\BOOKMARK [3][-]{subsubsection.3.3.1}{Units}{subsection.3.3}% 15
\BOOKMARK [1][-]{section.4}{Result and Discussion}{}% 16
\BOOKMARK [2][-]{subsection.4.1}{Initial temperature for melting}{section.4}% 17
\BOOKMARK [2][-]{subsection.4.2}{Real melting temperature}{section.4}% 18
\BOOKMARK [2][-]{subsection.4.3}{Energy}{section.4}% 19
\BOOKMARK [2][-]{subsection.4.4}{Diffusion constant}{section.4}% 20
\BOOKMARK [2][-]{subsection.4.5}{Equilibrium temperature}{section.4}% 21
\BOOKMARK [1][-]{section.5}{Conclusion}{}% 22
